[01m[K/home/ayi/unitree_go2_ws/src/base/go2_driver/src/driver.cpp:[m[K In member function â€˜[01m[Kvoid Driver::pose_callback(geometry_msgs::msg::PoseStamped_<std::allocator<void> >::SharedPtr)[m[Kâ€™:
[01m[K/home/ayi/unitree_go2_ws/src/base/go2_driver/src/driver.cpp:114:13:[m[K [01;31m[Kerror: [m[Kâ€˜[01m[Ktf2[m[Kâ€™ has not been declared
  114 |             [01;31m[Ktf2[m[K::Quaternion q(
      |             [01;31m[K^~~[m[K
[01m[K/home/ayi/unitree_go2_ws/src/base/go2_driver/src/driver.cpp:119:13:[m[K [01;31m[Kerror: [m[Kâ€˜[01m[Ktf2[m[Kâ€™ has not been declared
  119 |             [01;31m[Ktf2[m[K::Matrix3x3(q).getRPY(roll, pitch, yaw);
      |             [01;31m[K^~~[m[K
[01m[K/home/ayi/unitree_go2_ws/src/base/go2_driver/src/driver.cpp:119:28:[m[K [01;31m[Kerror: [m[Kâ€˜[01m[Kq[m[Kâ€™ was not declared in this scope
  119 |             tf2::Matrix3x3([01;31m[Kq[m[K).getRPY(roll, pitch, yaw);
      |                            [01;31m[K^[m[K
gmake[2]: *** [CMakeFiles/driver.dir/build.make:76ï¼šCMakeFiles/driver.dir/src/driver.cpp.o] é”™è¯¯ 1
gmake[1]: *** [CMakeFiles/Makefile2:141ï¼šCMakeFiles/driver.dir/all] é”™è¯¯ 2
gmake: *** [Makefile:146ï¼šall] é”™è¯¯ 2
