[0.012s] Invoking command in '/home/ayi/unitree_go2_ws/build/go2_driver': CMAKE_PREFIX_PATH=${CMAKE_PREFIX_PATH}:/home/ayi/unitree_go2_ws/install/go2_twist_bridge_py:/home/ayi/unitree_go2_ws/install/go2_navigation:/home/ayi/unitree_go2_ws/install/go2_driver_py:/home/ayi/unitree_go2_ws/install/go2_core:/home/ayi/unitree_go2_ws/install/go2_application:/home/ayi/dev_ws/install/learning_urdf:/home/ayi/dev_ws/install/learning_topic:/home/ayi/dev_ws/install/learning_tf:/home/ayi/dev_ws/install/learning_service:/home/ayi/dev_ws/install/learning_qos:/home/ayi/dev_ws/install/learning_pkg_python:/home/ayi/dev_ws/install/learning_parameter:/home/ayi/dev_ws/install/learning_node:/home/ayi/dev_ws/install/learning_launch:/home/ayi/dev_ws/install/learning_action:/home/ayi/dev_ws/install/learning_gazebo_harmonic:/home/ayi/dev_ws/install/learning_gazebo:/home/ayi/dev_ws/install/learning_cv:/opt/ros/humble /usr/bin/cmake --build /home/ayi/unitree_go2_ws/build/go2_driver -- -j2 -l2
[0.085s] [ 16%] [32mBuilding CXX object CMakeFiles/driver.dir/src/driver.cpp.o[0m
[2.739s] [01m[K/home/ayi/unitree_go2_ws/src/base/go2_driver/src/driver.cpp:[m[K In constructor â€˜[01m[KDriver::Driver()[m[Kâ€™:
[2.739s] [01m[K/home/ayi/unitree_go2_ws/src/base/go2_driver/src/driver.cpp:41:10:[m[K [01;35m[Kwarning: [m[Kâ€˜[01m[KDriver::body_height_initialized_[m[Kâ€™ will be initialized after [[01;35m[K]8;;https://gcc.gnu.org/onlinedocs/gcc/Warning-Options.html#index-Wreorder-Wreorder]8;;[m[K]
[2.739s]    41 |     bool [01;35m[Kbody_height_initialized_[m[K;  // æ–°å¢ï¼šæ ‡è®°body_heightæ˜¯å¦å·²åˆå§‹åŒ–ï¼ˆå…³è”base_footprintâ†’base_linkçš„TFï¼‰
[2.739s]       |          [01;35m[K^~~~~~~~~~~~~~~~~~~~~~~~[m[K
[2.739s] [01m[K/home/ayi/unitree_go2_ws/src/base/go2_driver/src/driver.cpp:39:22:[m[K [01;35m[Kwarning: [m[K  â€˜[01m[Kbool Driver::odom_published_[m[Kâ€™ [[01;35m[K]8;;https://gcc.gnu.org/onlinedocs/gcc/Warning-Options.html#index-Wreorder-Wreorder]8;;[m[K]
[2.739s]    39 |     bool publish_tf, [01;35m[Kodom_published_[m[K;
[2.739s]       |                      [01;35m[K^~~~~~~~~~~~~~~[m[K
[2.739s] [01m[K/home/ayi/unitree_go2_ws/src/base/go2_driver/src/driver.cpp:15:5:[m[K [01;35m[Kwarning: [m[K  when initialized here [[01;35m[K]8;;https://gcc.gnu.org/onlinedocs/gcc/Warning-Options.html#index-Wreorder-Wreorder]8;;[m[K]
[2.739s]    15 |     [01;35m[KDriver[m[K() : Node("driver"), body_height_initialized_(false), odom_published_(false)  // åˆå§‹åŒ–æ–°å¢æ ‡å¿—ä½
[2.740s]       |     [01;35m[K^~~~~~[m[K
[2.757s] [01m[K/home/ayi/unitree_go2_ws/src/base/go2_driver/src/driver.cpp:[m[K In member function â€˜[01m[Kvoid Driver::pose_callback(geometry_msgs::msg::PoseStamped_<std::allocator<void> >::SharedPtr)[m[Kâ€™:
[2.757s] [01m[K/home/ayi/unitree_go2_ws/src/base/go2_driver/src/driver.cpp:89:59:[m[K [01;31m[Kerror: [m[Kno match for â€˜[01m[Koperator=[m[Kâ€™ (operand types are â€˜[01m[Kgeometry_msgs::msg::Pose_<std::allocator<void> >::_position_type[m[Kâ€™ {aka â€˜[01m[Kgeometry_msgs::msg::Point_<std::allocator<void> >[m[Kâ€™} and â€˜[01m[Kgeometry_msgs::msg::Transform_<std::allocator<void> >::_translation_type[m[Kâ€™ {aka â€˜[01m[Kgeometry_msgs::msg::Vector3_<std::allocator<void> >[m[Kâ€™})
[2.757s]    89 |             odom.pose.pose.position = transform.transform.[01;31m[Ktranslation[m[K;
[2.757s]       |                                                           [01;31m[K^~~~~~~~~~~[m[K
[2.757s] In file included from [01m[K/opt/ros/humble/include/geometry_msgs/geometry_msgs/msg/detail/pose__struct.hpp:20[m[K,
[2.757s]                  from [01m[K/opt/ros/humble/include/geometry_msgs/geometry_msgs/msg/detail/pose_with_covariance__struct.hpp:20[m[K,
[2.757s]                  from [01m[K/opt/ros/humble/include/nav_msgs/nav_msgs/msg/detail/odometry__struct.hpp:22[m[K,
[2.757s]                  from [01m[K/opt/ros/humble/include/nav_msgs/nav_msgs/msg/odometry.hpp:7[m[K,
[2.757s]                  from [01m[K/home/ayi/unitree_go2_ws/src/base/go2_driver/src/driver.cpp:2[m[K:
[2.757s] [01m[K/opt/ros/humble/include/geometry_msgs/geometry_msgs/msg/detail/point__struct.hpp:32:8:[m[K [01;36m[Knote: [m[Kcandidate: â€˜[01m[Kconstexpr geometry_msgs::msg::Point_<std::allocator<void> >& geometry_msgs::msg::Point_<std::allocator<void> >::operator=(const geometry_msgs::msg::Point_<std::allocator<void> >&)[m[Kâ€™
[2.757s]    32 | struct [01;36m[KPoint_[m[K
[2.757s]       |        [01;36m[K^~~~~~[m[K
[2.758s] [01m[K/opt/ros/humble/include/geometry_msgs/geometry_msgs/msg/detail/point__struct.hpp:32:8:[m[K [01;36m[Knote: [m[K  no known conversion for argument 1 from â€˜[01m[Kgeometry_msgs::msg::Transform_<std::allocator<void> >::_translation_type[m[Kâ€™ {aka â€˜[01m[Kgeometry_msgs::msg::Vector3_<std::allocator<void> >[m[Kâ€™} to â€˜[01m[Kconst geometry_msgs::msg::Point_<std::allocator<void> >&[m[Kâ€™
[2.758s] [01m[K/opt/ros/humble/include/geometry_msgs/geometry_msgs/msg/detail/point__struct.hpp:32:8:[m[K [01;36m[Knote: [m[Kcandidate: â€˜[01m[Kconstexpr geometry_msgs::msg::Point_<std::allocator<void> >& geometry_msgs::msg::Point_<std::allocator<void> >::operator=(geometry_msgs::msg::Point_<std::allocator<void> >&&)[m[Kâ€™
[2.758s] [01m[K/opt/ros/humble/include/geometry_msgs/geometry_msgs/msg/detail/point__struct.hpp:32:8:[m[K [01;36m[Knote: [m[K  no known conversion for argument 1 from â€˜[01m[Kgeometry_msgs::msg::Transform_<std::allocator<void> >::_translation_type[m[Kâ€™ {aka â€˜[01m[Kgeometry_msgs::msg::Vector3_<std::allocator<void> >[m[Kâ€™} to â€˜[01m[Kgeometry_msgs::msg::Point_<std::allocator<void> >&&[m[Kâ€™
[5.944s] gmake[2]: *** [CMakeFiles/driver.dir/build.make:76ï¼šCMakeFiles/driver.dir/src/driver.cpp.o] é”™è¯¯ 1
[5.945s] gmake[1]: *** [CMakeFiles/Makefile2:141ï¼šCMakeFiles/driver.dir/all] é”™è¯¯ 2
[5.945s] gmake: *** [Makefile:146ï¼šall] é”™è¯¯ 2
[5.947s] Invoked command in '/home/ayi/unitree_go2_ws/build/go2_driver' returned '2': CMAKE_PREFIX_PATH=${CMAKE_PREFIX_PATH}:/home/ayi/unitree_go2_ws/install/go2_twist_bridge_py:/home/ayi/unitree_go2_ws/install/go2_navigation:/home/ayi/unitree_go2_ws/install/go2_driver_py:/home/ayi/unitree_go2_ws/install/go2_core:/home/ayi/unitree_go2_ws/install/go2_application:/home/ayi/dev_ws/install/learning_urdf:/home/ayi/dev_ws/install/learning_topic:/home/ayi/dev_ws/install/learning_tf:/home/ayi/dev_ws/install/learning_service:/home/ayi/dev_ws/install/learning_qos:/home/ayi/dev_ws/install/learning_pkg_python:/home/ayi/dev_ws/install/learning_parameter:/home/ayi/dev_ws/install/learning_node:/home/ayi/dev_ws/install/learning_launch:/home/ayi/dev_ws/install/learning_action:/home/ayi/dev_ws/install/learning_gazebo_harmonic:/home/ayi/dev_ws/install/learning_gazebo:/home/ayi/dev_ws/install/learning_cv:/opt/ros/humble /usr/bin/cmake --build /home/ayi/unitree_go2_ws/build/go2_driver -- -j2 -l2
