Error copying directory from "/home/ayi/unitree_go2_ws/src/go2_perception/go2_perception" to "/home/ayi/unitree_go2_ws/build/go2_perception/ament_cmake_python/go2_perception/go2_perception".
gmake[2]: *** [CMakeFiles/ament_cmake_python_copy_go2_perception.dir/build.make:70：CMakeFiles/ament_cmake_python_copy_go2_perception] 错误 1
gmake[1]: *** [CMakeFiles/Makefile2:222：CMakeFiles/ament_cmake_python_copy_go2_perception.dir/all] 错误 2
gmake[1]: *** 正在等待未完成的任务....
gmake: *** [Makefile:146：all] 错误 2
