[35m[1mConsolidate compiler generated dependencies of target pointcloud_to_laserscan[0m
[ 33%] Built target pointcloud_to_laserscan_node
[ 66%] Built target pointcloud_to_laserscan
Error copying directory from "/home/ayi/unitree_go2_ws/src/go2_perception/go2_perception" to "/home/ayi/unitree_go2_ws/build/go2_perception/ament_cmake_python/go2_perception/go2_perception".
gmake[2]: *** [CMakeFiles/ament_cmake_python_copy_go2_perception.dir/build.make:70ï¼šCMakeFiles/ament_cmake_python_copy_go2_perception] é”™è¯¯ 1
gmake[1]: *** [CMakeFiles/Makefile2:222ï¼šCMakeFiles/ament_cmake_python_copy_go2_perception.dir/all] é”™è¯¯ 2
gmake[1]: *** æ­£åœ¨ç­‰å¾…æœªå®Œæˆçš„ä»»åŠ¡....
[100%] Built target cloud_accumulation
gmake: *** [Makefile:146ï¼šall] é”™è¯¯ 2
