[0.011s] Invoking command in '/home/ayi/unitree_go2_ws/build/go2_perception': CMAKE_PREFIX_PATH=${CMAKE_PREFIX_PATH}:/home/ayi/unitree_go2_ws/install/go2_twist_bridge_py:/home/ayi/unitree_go2_ws/install/go2_navigation:/home/ayi/unitree_go2_ws/install/go2_driver_py:/home/ayi/unitree_go2_ws/install/go2_core:/home/ayi/dev_ws/install/learning_urdf:/home/ayi/dev_ws/install/learning_topic:/home/ayi/dev_ws/install/learning_tf:/home/ayi/dev_ws/install/learning_service:/home/ayi/dev_ws/install/learning_qos:/home/ayi/dev_ws/install/learning_pkg_python:/home/ayi/dev_ws/install/learning_parameter:/home/ayi/dev_ws/install/learning_node:/home/ayi/dev_ws/install/learning_launch:/home/ayi/dev_ws/install/learning_action:/home/ayi/dev_ws/install/learning_gazebo_harmonic:/home/ayi/dev_ws/install/learning_gazebo:/home/ayi/dev_ws/install/learning_cv:/opt/ros/humble /usr/bin/cmake --build /home/ayi/unitree_go2_ws/build/go2_perception -- -j2 -l2
[0.074s] [35m[1mConsolidate compiler generated dependencies of target pointcloud_to_laserscan[0m
[0.102s] [ 33%] Built target pointcloud_to_laserscan_node
[0.111s] [ 66%] Built target pointcloud_to_laserscan
[0.152s] Error copying directory from "/home/ayi/unitree_go2_ws/src/go2_perception/go2_perception" to "/home/ayi/unitree_go2_ws/build/go2_perception/ament_cmake_python/go2_perception/go2_perception".
[0.153s] gmake[2]: *** [CMakeFiles/ament_cmake_python_copy_go2_perception.dir/build.make:70ï¼šCMakeFiles/ament_cmake_python_copy_go2_perception] é”™è¯¯ 1
[0.153s] gmake[1]: *** [CMakeFiles/Makefile2:222ï¼šCMakeFiles/ament_cmake_python_copy_go2_perception.dir/all] é”™è¯¯ 2
[0.153s] gmake[1]: *** æ­£åœ¨ç­‰å¾…æœªå®Œæˆçš„ä»»åŠ¡....
[0.153s] [100%] Built target cloud_accumulation
[0.154s] gmake: *** [Makefile:146ï¼šall] é”™è¯¯ 2
[0.156s] Invoked command in '/home/ayi/unitree_go2_ws/build/go2_perception' returned '2': CMAKE_PREFIX_PATH=${CMAKE_PREFIX_PATH}:/home/ayi/unitree_go2_ws/install/go2_twist_bridge_py:/home/ayi/unitree_go2_ws/install/go2_navigation:/home/ayi/unitree_go2_ws/install/go2_driver_py:/home/ayi/unitree_go2_ws/install/go2_core:/home/ayi/dev_ws/install/learning_urdf:/home/ayi/dev_ws/install/learning_topic:/home/ayi/dev_ws/install/learning_tf:/home/ayi/dev_ws/install/learning_service:/home/ayi/dev_ws/install/learning_qos:/home/ayi/dev_ws/install/learning_pkg_python:/home/ayi/dev_ws/install/learning_parameter:/home/ayi/dev_ws/install/learning_node:/home/ayi/dev_ws/install/learning_launch:/home/ayi/dev_ws/install/learning_action:/home/ayi/dev_ws/install/learning_gazebo_harmonic:/home/ayi/dev_ws/install/learning_gazebo:/home/ayi/dev_ws/install/learning_cv:/opt/ros/humble /usr/bin/cmake --build /home/ayi/unitree_go2_ws/build/go2_perception -- -j2 -l2
